# JRE version: OpenJDK Runtime Environment (17.0.6) (build 17.0.6+0-b2043.56-10027231)
# Java VM: OpenJDK 64-Bit Server VM (17.0.6+0-b2043.56-10027231, mixed mode, tiered, compressed oops, compressed class ptrs, g1 gc, windows-amd64)
GC Precious Log:
 CPUs: 4 total, 4 available
 Memory: 16314M
 Large Page Support: Disabled
 NUMA Support: Disabled
 Compressed Oops: Enabled (Zero based)
 Heap Region Size: 2M
 Heap Min Capacity: 8M
 Heap Initial Capacity: 256M
 Heap Max Capacity: 4G
 Pre-touch: Disabled
 Parallel Workers: 4
 Concurrent Workers: 1
 Concurrent Refinement Workers: 4
 Periodic GC: Disabled
Heap:
 garbage-first heap   total 196608K, used 125299K [0x0000000700000000, 0x0000000800000000)
  region size 2048K, 20 young (40960K), 4 survivors (8192K)
 Metaspace       used 100887K, committed 101632K, reserved 1138688K
  class space    used 13875K, committed 14208K, reserved 1048576K
GC Heap History (20 events):
Event: 19.787 GC heap before
{Heap before GC invocations=34 (full 0):
 garbage-first heap   total 122880K, used 94931K [0x0000000700000000, 0x0000000800000000)
  region size 2048K, 13 young (26624K), 1 survivors (2048K)
 Metaspace       used 81490K, committed 82048K, reserved 1122304K
  class space    used 10959K, committed 11200K, reserved 1048576K
}
Event: 19.791 GC heap after
{Heap after GC invocations=35 (full 0):
 garbage-first heap   total 122880K, used 72017K [0x0000000700000000, 0x0000000800000000)
  region size 2048K, 2 young (4096K), 2 survivors (4096K)
 Metaspace       used 81490K, committed 82048K, reserved 1122304K
  class space    used 10959K, committed 11200K, reserved 1048576K
}
Event: 20.274 GC heap before
{Heap before GC invocations=36 (full 0):
 garbage-first heap   total 126976K, used 94545K [0x0000000700000000, 0x0000000800000000)
  region size 2048K, 13 young (26624K), 2 survivors (4096K)
 Metaspace       used 83620K, committed 84224K, reserved 1122304K
  class space    used 11241K, committed 11520K, reserved 1048576K
}
Event: 20.276 GC heap after
{Heap after GC invocations=37 (full 0):
 garbage-first heap   total 126976K, used 72796K [0x0000000700000000, 0x0000000800000000)
  region size 2048K, 2 young (4096K), 2 survivors (4096K)
 Metaspace       used 83620K, committed 84224K, reserved 1122304K
  class space    used 11241K, committed 11520K, reserved 1048576K
}
Event: 20.334 GC heap before
{Heap before GC invocations=37 (full 0):
 garbage-first heap   total 126976K, used 74844K [0x0000000700000000, 0x0000000800000000)
  region size 2048K, 3 young (6144K), 2 survivors (4096K)
 Metaspace       used 83800K, committed 84416K, reserved 1122304K
  class space    used 11268K, committed 11584K, reserved 1048576K
}
Event: 20.339 GC heap after
{Heap after GC invocations=38 (full 0):
 garbage-first heap   total 126976K, used 70842K [0x0000000700000000, 0x0000000800000000)
  region size 2048K, 1 young (2048K), 1 survivors (2048K)
 Metaspace       used 83800K, committed 84416K, reserved 1122304K
  class space    used 11268K, committed 11584K, reserved 1048576K
}
Event: 20.713 GC heap before
{Heap before GC invocations=38 (full 0):
 garbage-first heap   total 126976K, used 97466K [0x0000000700000000, 0x0000000800000000)
  region size 2048K, 14 young (28672K), 1 survivors (2048K)
 Metaspace       used 84804K, committed 85440K, reserved 1130496K
  class space    used 11412K, committed 11712K, reserved 1048576K
}
Event: 20.718 GC heap after
{Heap after GC invocations=39 (full 0):
 garbage-first heap   total 126976K, used 73373K [0x0000000700000000, 0x0000000800000000)
  region size 2048K, 2 young (4096K), 2 survivors (4096K)
 Metaspace       used 84804K, committed 85440K, reserved 1130496K
  class space    used 11412K, committed 11712K, reserved 1048576K
}
Event: 20.918 GC heap before
{Heap before GC invocations=40 (full 0):
 garbage-first heap   total 137216K, used 99997K [0x0000000700000000, 0x0000000800000000)
  region size 2048K, 15 young (30720K), 2 survivors (4096K)
 Metaspace       used 85050K, committed 85696K, reserved 1130496K
  class space    used 11455K, committed 11776K, reserved 1048576K
}
Event: 20.922 GC heap after
{Heap after GC invocations=41 (full 0):
 garbage-first heap   total 137216K, used 74868K [0x0000000700000000, 0x0000000800000000)
  region size 2048K, 1 young (2048K), 1 survivors (2048K)
 Metaspace       used 85050K, committed 85696K, reserved 1130496K
  class space    used 11455K, committed 11776K, reserved 1048576K
}
Event: 21.143 GC heap before
{Heap before GC invocations=41 (full 0):
 garbage-first heap   total 137216K, used 109684K [0x0000000700000000, 0x0000000800000000)
  region size 2048K, 18 young (36864K), 1 survivors (2048K)
 Metaspace       used 85258K, committed 85888K, reserved 1130496K
  class space    used 11482K, committed 11776K, reserved 1048576K
}
Event: 21.146 GC heap after
{Heap after GC invocations=42 (full 0):
 garbage-first heap   total 137216K, used 76718K [0x0000000700000000, 0x0000000800000000)
  region size 2048K, 2 young (4096K), 2 survivors (4096K)
 Metaspace       used 85258K, committed 85888K, reserved 1130496K
  class space    used 11482K, committed 11776K, reserved 1048576K
}
Event: 21.699 GC heap before
{Heap before GC invocations=43 (full 0):
 garbage-first heap   total 143360K, used 111534K [0x0000000700000000, 0x0000000800000000)
  region size 2048K, 19 young (38912K), 2 survivors (4096K)
 Metaspace       used 87461K, committed 88128K, reserved 1130496K
  class space    used 11797K, committed 12096K, reserved 1048576K
}
Event: 21.704 GC heap after
{Heap after GC invocations=44 (full 0):
 garbage-first heap   total 143360K, used 80048K [0x0000000700000000, 0x0000000800000000)
  region size 2048K, 3 young (6144K), 3 survivors (6144K)
 Metaspace       used 87461K, committed 88128K, reserved 1130496K
  class space    used 11797K, committed 12096K, reserved 1048576K
}
Event: 22.356 GC heap before
{Heap before GC invocations=44 (full 0):
 garbage-first heap   total 143360K, used 116912K [0x0000000700000000, 0x0000000800000000)
  region size 2048K, 21 young (43008K), 3 survivors (6144K)
 Metaspace       used 91333K, committed 92032K, reserved 1130496K
  class space    used 12506K, committed 12864K, reserved 1048576K
}
Event: 22.363 GC heap after
{Heap after GC invocations=45 (full 0):
 garbage-first heap   total 196608K, used 82173K [0x0000000700000000, 0x0000000800000000)
  region size 2048K, 3 young (6144K), 3 survivors (6144K)
 Metaspace       used 91333K, committed 92032K, reserved 1130496K
  class space    used 12506K, committed 12864K, reserved 1048576K
}
Event: 23.808 GC heap before
{Heap before GC invocations=46 (full 0):
 garbage-first heap   total 196608K, used 157949K [0x0000000700000000, 0x0000000800000000)
  region size 2048K, 40 young (81920K), 3 survivors (6144K)
 Metaspace       used 96307K, committed 97024K, reserved 1138688K
  class space    used 13287K, committed 13632K, reserved 1048576K
}
Event: 23.817 GC heap after
{Heap after GC invocations=47 (full 0):
 garbage-first heap   total 196608K, used 89080K [0x0000000700000000, 0x0000000800000000)
  region size 2048K, 5 young (10240K), 5 survivors (10240K)
 Metaspace       used 96307K, committed 97024K, reserved 1138688K
  class space    used 13287K, committed 13632K, reserved 1048576K
}
Event: 24.675 GC heap before
{Heap before GC invocations=47 (full 0):
 garbage-first heap   total 196608K, used 150520K [0x0000000700000000, 0x0000000800000000)
  region size 2048K, 36 young (73728K), 5 survivors (10240K)
 Metaspace       used 100431K, committed 101184K, reserved 1138688K
  class space    used 13798K, committed 14144K, reserved 1048576K
}
Event: 24.690 GC heap after
{Heap after GC invocations=48 (full 0):
 garbage-first heap   total 196608K, used 96627K [0x0000000700000000, 0x0000000800000000)
  region size 2048K, 4 young (8192K), 4 survivors (8192K)
 Metaspace       used 100431K, committed 101184K, reserved 1138688K
  class space    used 13798K, committed 14144K, reserved 1048576K
}

